2022-11-21 04:56:03,710 - [_parse_document] - No annotation for (service: Flickr, document: Flickr Privacy Policy)! https://edit.tosdr.org/services/186/annotate
2022-11-21 04:56:03,712 - [_parse_document] - No annotation for (service: Flickr, document: Community Guidelines)! https://edit.tosdr.org/services/186/annotate
2022-11-21 04:56:03,715 - [_parse_document] - No annotation for (service: Flickr, document: Data Processing Policy - Date Uncertain, Sometime during or after 2017)! https://edit.tosdr.org/services/186/annotate
2022-11-21 04:56:03,727 - [_parse_document] - No annotation for (service: Flickr, document: Community Guidelines - April 30th 2020)! https://edit.tosdr.org/services/186/annotate
2022-11-21 04:56:05,582 - [_parse_document] - Not English (service: SeenThis, document: Intellectual Property)! https://edit.tosdr.org/services/330/annotate
2022-11-21 04:56:08,068 - [_parse_document] - No annotation for (service: Goguardian, document: Product Terms)! https://edit.tosdr.org/services/1625/annotate
2022-11-21 04:56:08,072 - [_parse_document] - No annotation for (service: Goguardian, document: Product Privacy Policy)! https://edit.tosdr.org/services/1625/annotate
2022-11-21 04:56:10,997 - [_parse_document] - No content inside (service: Blizzard, document: Merged into document 497 by user 6)! https://edit.tosdr.org/services/539/annotate
2022-11-21 04:56:15,894 - [_parse_document] - No annotation for (service: Foursquare, document: Cookie policy)! https://edit.tosdr.org/services/251/annotate
2022-11-21 04:56:43,772 - [_parse_document] - No content inside (service: Le Soir, document: Sale Terms of Use)! https://edit.tosdr.org/services/2136/annotate
2022-11-21 04:56:43,772 - [_parse_document] - No content inside (service: Le Soir, document: Cookie Policy (French))! https://edit.tosdr.org/services/2136/annotate
2022-11-21 04:56:43,772 - [_parse_document] - No content inside (service: Le Soir, document: Privacy Policy (French))! https://edit.tosdr.org/services/2136/annotate
2022-11-21 04:56:48,362 - [_parse_document] - No annotation for (service: PayPal, document: Ebay Billing Agreement )! https://edit.tosdr.org/services/230/annotate
2022-11-21 04:56:48,363 - [_parse_document] - No annotation for (service: PayPal, document: PayPal Receive Funds and Automatic Transfer Agreement)! https://edit.tosdr.org/services/230/annotate
2022-11-21 04:56:48,363 - [_parse_document] - No annotation for (service: PayPal, document: COMMERCIAL ENTITY AGREEMENT FOR PAYPAL PAYMENT CARD FUNDED PROCESSING SERVICES)! https://edit.tosdr.org/services/230/annotate
2022-11-21 04:56:48,364 - [_parse_document] - No annotation for (service: PayPal, document: PayPal Shops Policy )! https://edit.tosdr.org/services/230/annotate
2022-11-21 04:56:48,364 - [_parse_document] - No content inside (service: PayPal, document: PayPal Local Payment Methods Terms)! https://edit.tosdr.org/services/230/annotate
2022-11-21 04:56:48,390 - [_parse_document] - No annotation for (service: PayPal, document: Policy Updates)! https://edit.tosdr.org/services/230/annotate
2022-11-21 04:56:48,390 - [_parse_document] - No annotation for (service: PayPal, document: Infringement Report Policy )! https://edit.tosdr.org/services/230/annotate
2022-11-21 04:56:50,996 - [_parse_document] - No annotation for (service: Credit Karma, document: CCPA Rights)! https://edit.tosdr.org/services/460/annotate
2022-11-21 04:56:50,997 - [_parse_document] - No annotation for (service: Credit Karma, document: Security Practices)! https://edit.tosdr.org/services/460/annotate
2022-11-21 04:57:00,201 - [_parse_document] - No annotation for (service: Apple Services, document: Application-Based Services Terms of Use)! https://edit.tosdr.org/services/158/annotate
2022-11-21 04:57:00,202 - [_parse_document] - No annotation for (service: Apple Services, document: Apple Support Communities Use Agreement)! https://edit.tosdr.org/services/158/annotate
2022-11-21 04:57:02,679 - [_parse_document] - No annotation for (service: Open Book Publishers, document: Information for Authors)! https://edit.tosdr.org/services/713/annotate
2022-11-21 04:57:21,865 - [_parse_document] - No annotation for (service: Blender Market, document: Privacy Policy)! https://edit.tosdr.org/services/1342/annotate
2022-11-21 04:57:24,126 - [_parse_document] - No content inside (service: Moscow information cluster, document: согласие на обработку персональных данных)! https://edit.tosdr.org/services/2257/annotate
2022-11-21 04:57:29,016 - [_parse_document] - No annotation for (service: State Farm, document: Ads and Tracking)! https://edit.tosdr.org/services/1939/annotate
2022-11-21 04:57:29,018 - [_parse_document] - No annotation for (service: State Farm, document: Notice of Privacy Policy)! https://edit.tosdr.org/services/1939/annotate
2022-11-21 04:57:34,048 - [_parse_document] - No annotation for (service: ToS;DR Phoenix, document: Terms of Service)! https://edit.tosdr.org/services/969/annotate
2022-11-21 04:57:44,046 - [_parse_document] - No annotation for (service: Ritual, document: Terms of Service)! https://edit.tosdr.org/services/2063/annotate
2022-11-21 04:57:46,417 - [_parse_document] - No annotation for (service: Line Corporation, document: Responding to Law Enforcement Agencies)! https://edit.tosdr.org/services/2895/annotate
2022-11-21 04:57:48,703 - [_parse_document] - No annotation for (service: Nexon, document: Privacy Policy)! https://edit.tosdr.org/services/1009/annotate
2022-11-21 04:57:51,563 - [_parse_document] - No annotation for (service: JustPark, document: Cancellation Policies Extenuating Circumstances)! https://edit.tosdr.org/services/284/annotate
2022-11-21 04:57:51,565 - [_parse_document] - No annotation for (service: JustPark, document: Driver Agreement)! https://edit.tosdr.org/services/284/annotate
2022-11-21 04:57:51,566 - [_parse_document] - No annotation for (service: JustPark, document: Owner Agreement)! https://edit.tosdr.org/services/284/annotate
2022-11-21 04:57:51,570 - [_parse_document] - No annotation for (service: JustPark, document: Cancellation Policies EV Charging)! https://edit.tosdr.org/services/284/annotate
2022-11-21 04:57:51,570 - [_parse_document] - No annotation for (service: JustPark, document: Cancellation Policies Non-reservable Parking)! https://edit.tosdr.org/services/284/annotate
2022-11-21 04:57:51,570 - [_parse_document] - No annotation for (service: JustPark, document: Cancellation Policies)! https://edit.tosdr.org/services/284/annotate
2022-11-21 04:57:51,571 - [_parse_document] - No annotation for (service: JustPark, document: Privacy Policy)! https://edit.tosdr.org/services/284/annotate
2022-11-21 04:58:10,148 - [_parse_document] - No annotation for (service: Snopes, document: Privacy Policy)! https://edit.tosdr.org/services/1870/annotate
2022-11-21 04:58:10,149 - [_parse_document] - No annotation for (service: Snopes, document: Cookie Policy)! https://edit.tosdr.org/services/1870/annotate
2022-11-21 04:58:10,151 - [_parse_document] - No annotation for (service: Snopes, document: Terms Of Use)! https://edit.tosdr.org/services/1870/annotate
2022-11-21 04:58:12,721 - [_parse_document] - No annotation for (service: Boingo, document: HealthExcite)! https://edit.tosdr.org/services/263/annotate
2022-11-21 04:58:23,557 - [_parse_document] - No annotation for (service: SourceForge, document: Privacy Statement)! https://edit.tosdr.org/services/356/annotate
2022-11-21 04:58:23,558 - [_parse_document] - No annotation for (service: SourceForge, document: Terms of Use)! https://edit.tosdr.org/services/356/annotate
2022-11-21 04:58:30,679 - [_parse_document] - No annotation for (service: Gab, document: DMCA)! https://edit.tosdr.org/services/1358/annotate
2022-11-21 04:58:35,647 - [_parse_document] - No annotation for (service: SciStarter, document: Privacy Policy)! https://edit.tosdr.org/services/1501/annotate
2022-11-21 04:58:35,648 - [_parse_document] - No annotation for (service: SciStarter, document: Cookie Policy)! https://edit.tosdr.org/services/1501/annotate
2022-11-21 04:58:38,005 - [_parse_document] - No annotation for (service: Chegg, document: Citation Machine Cookie Notice)! https://edit.tosdr.org/services/1950/annotate
2022-11-21 04:58:38,005 - [_parse_document] - No content inside (service: Chegg, document: Privacy Policy)! https://edit.tosdr.org/services/1950/annotate
2022-11-21 04:58:38,005 - [_parse_document] - No annotation for (service: Chegg, document: Cookie Notice)! https://edit.tosdr.org/services/1950/annotate
2022-11-21 04:58:44,240 - [_parse_document] - No annotation for (service: Intercom, document: Third Parties)! https://edit.tosdr.org/services/1566/annotate
2022-11-21 04:58:44,246 - [_parse_document] - No annotation for (service: Intercom, document: E.U. - U.S. and Swiss - U.S. Privacy Shield Policy)! https://edit.tosdr.org/services/1566/annotate
2022-11-21 04:58:44,249 - [_parse_document] - No annotation for (service: Intercom, document: Security Policy)! https://edit.tosdr.org/services/1566/annotate
2022-11-21 04:58:44,252 - [_parse_document] - No annotation for (service: Intercom, document: Cookie Policy)! https://edit.tosdr.org/services/1566/annotate
2022-11-21 04:58:44,255 - [_parse_document] - No annotation for (service: Intercom, document: Intercom Website Terms of Use)! https://edit.tosdr.org/services/1566/annotate
2022-11-21 04:58:44,257 - [_parse_document] - No annotation for (service: Intercom, document: Support Policy)! https://edit.tosdr.org/services/1566/annotate
2022-11-21 04:58:44,260 - [_parse_document] - No annotation for (service: Intercom, document: Acceptable Use Policy)! https://edit.tosdr.org/services/1566/annotate
2022-11-21 04:58:44,263 - [_parse_document] - No annotation for (service: Intercom, document: Privacy Policy)! https://edit.tosdr.org/services/1566/annotate
2022-11-21 04:58:44,266 - [_parse_document] - No annotation for (service: Intercom, document: Service Level Agreement)! https://edit.tosdr.org/services/1566/annotate
2022-11-21 04:58:44,269 - [_parse_document] - No annotation for (service: Intercom, document: How We Bill)! https://edit.tosdr.org/services/1566/annotate
2022-11-21 04:58:49,235 - [_parse_document] - No content inside (service: 3DHYPE, document: 카지노사이트)! https://edit.tosdr.org/services/2307/annotate
2022-11-21 04:58:49,236 - [_parse_document] - No annotation for (service: 3DHYPE, document: Privacybeleid)! https://edit.tosdr.org/services/2307/annotate
2022-11-21 04:59:05,302 - [scrape_documents_per_service] - No document for (service: Wizards of the Coast)! https://edit.tosdr.org/services/1709/annotate
2022-11-21 04:59:05,825 - [scrape_documents_per_service] - No document for (service: Ruhrtalradweg.de)! https://edit.tosdr.org/services/1700/annotate
2022-11-21 04:59:06,084 - [scrape_documents_per_service] - No document for (service: Pocket Casts)! https://edit.tosdr.org/services/1958/annotate
2022-11-21 04:59:06,347 - [scrape_documents_per_service] - No document for (service: Media Markt)! https://edit.tosdr.org/services/2221/annotate
2022-11-21 04:59:06,712 - [scrape_documents_per_service] - No document for (service: Rofkin)! https://edit.tosdr.org/services/3160/annotate
2022-11-21 04:59:07,114 - [scrape_documents_per_service] - No document for (service: Groupon)! https://edit.tosdr.org/services/289/annotate
2022-11-21 04:59:07,388 - [scrape_documents_per_service] - No document for (service: BECU)! https://edit.tosdr.org/services/2470/annotate
2022-11-21 04:59:07,645 - [scrape_documents_per_service] - No document for (service: Flipgrid)! https://edit.tosdr.org/services/2400/annotate
2022-11-21 04:59:07,902 - [scrape_documents_per_service] - No document for (service: Warner Bros)! https://edit.tosdr.org/services/516/annotate
2022-11-21 04:59:08,162 - [scrape_documents_per_service] - No document for (service: Inrupt Inc)! https://edit.tosdr.org/services/1527/annotate
2022-11-21 04:59:08,411 - [scrape_documents_per_service] - No document for (service: Zoho)! https://edit.tosdr.org/services/856/annotate
2022-11-21 04:59:08,676 - [scrape_documents_per_service] - No document for (service: The VG Resource)! https://edit.tosdr.org/services/1430/annotate
2022-11-21 04:59:09,016 - [scrape_documents_per_service] - No document for (service: Aternos)! https://edit.tosdr.org/services/2892/annotate
2022-11-21 04:59:09,322 - [scrape_documents_per_service] - No document for (service: McGraw Hill)! https://edit.tosdr.org/services/2393/annotate
2022-11-21 04:59:09,581 - [scrape_documents_per_service] - No document for (service: VRchat)! https://edit.tosdr.org/services/3013/annotate
2022-11-21 04:59:09,839 - [scrape_documents_per_service] - No document for (service: Canadian Broadcasting Corporation)! https://edit.tosdr.org/services/2623/annotate
2022-11-21 04:59:10,100 - [scrape_documents_per_service] - No document for (service: Vidble)! https://edit.tosdr.org/services/2648/annotate
2022-11-21 04:59:10,357 - [scrape_documents_per_service] - No document for (service: BitDefender)! https://edit.tosdr.org/services/2416/annotate
2022-11-21 04:59:10,600 - [scrape_documents_per_service] - No document for (service: Ring LLC)! https://edit.tosdr.org/services/2700/annotate
2022-11-21 04:59:10,850 - [scrape_documents_per_service] - No document for (service: Le Parisien)! https://edit.tosdr.org/services/2543/annotate
2022-11-21 04:59:11,162 - [scrape_documents_per_service] - No document for (service: El Mundo (Spain))! https://edit.tosdr.org/services/2540/annotate
2022-11-21 04:59:11,471 - [scrape_documents_per_service] - No document for (service: Kaspersky)! https://edit.tosdr.org/services/2409/annotate
2022-11-21 04:59:11,726 - [scrape_documents_per_service] - No document for (service: United States Postal Service)! https://edit.tosdr.org/services/2530/annotate
2022-11-21 04:59:12,088 - [scrape_documents_per_service] - No document for (service: Gfycat)! https://edit.tosdr.org/services/2491/annotate
2022-11-21 04:59:12,397 - [scrape_documents_per_service] - No document for (service: Smart Survey Work)! https://edit.tosdr.org/services/3481/annotate
2022-11-21 04:59:12,696 - [scrape_documents_per_service] - No document for (service: HP | Hewlett-Packard)! https://edit.tosdr.org/services/2572/annotate
2022-11-21 04:59:13,012 - [scrape_documents_per_service] - No document for (service: Douban)! https://edit.tosdr.org/services/2702/annotate
2022-11-21 04:59:13,317 - [scrape_documents_per_service] - No document for (service: Staples Inc)! https://edit.tosdr.org/services/2806/annotate
2022-11-21 04:59:13,624 - [scrape_documents_per_service] - No document for (service: Wikimedia)! https://edit.tosdr.org/services/177/annotate
2022-11-21 04:59:13,882 - [scrape_documents_per_service] - No document for (service: Unity)! https://edit.tosdr.org/services/2768/annotate
2022-11-21 04:59:14,138 - [scrape_documents_per_service] - No document for (service: Kalunga)! https://edit.tosdr.org/services/3085/annotate
2022-11-21 04:59:14,395 - [scrape_documents_per_service] - No document for (service: Udemy)! https://edit.tosdr.org/services/2943/annotate
2022-11-21 04:59:14,655 - [scrape_documents_per_service] - No document for (service: L'Equipe)! https://edit.tosdr.org/services/3115/annotate
2022-11-21 04:59:14,912 - [scrape_documents_per_service] - No document for (service: Zhihu)! https://edit.tosdr.org/services/3437/annotate
2022-11-21 04:59:15,171 - [scrape_documents_per_service] - No document for (service: LauraKalbag)! https://edit.tosdr.org/services/2140/annotate
2022-11-21 04:59:15,450 - [scrape_documents_per_service] - No document for (service: Whereby)! https://edit.tosdr.org/services/2041/annotate
2022-11-21 04:59:15,708 - [scrape_documents_per_service] - No document for (service: Gosuslugi Esia)! https://edit.tosdr.org/services/2255/annotate
2022-11-21 04:59:15,966 - [scrape_documents_per_service] - No document for (service: Letterboxd)! https://edit.tosdr.org/services/2074/annotate
2022-11-21 04:59:16,223 - [scrape_documents_per_service] - No document for (service: Bullet VPN)! https://edit.tosdr.org/services/2944/annotate
2022-11-21 04:59:16,489 - [scrape_documents_per_service] - No document for (service: Dominion Energy)! https://edit.tosdr.org/services/755/annotate
2022-11-21 04:59:16,798 - [scrape_documents_per_service] - No document for (service: CommonLit)! https://edit.tosdr.org/services/2621/annotate
2022-11-21 04:59:17,110 - [scrape_documents_per_service] - No document for (service: YouTube Kids)! https://edit.tosdr.org/services/1951/annotate
2022-11-21 04:59:17,632 - [scrape_documents_per_service] - No document for (service: Swissinfo)! https://edit.tosdr.org/services/3424/annotate
2022-11-21 04:59:17,929 - [scrape_documents_per_service] - No document for (service: Session)! https://edit.tosdr.org/services/3015/annotate
2022-11-21 04:59:18,451 - [scrape_documents_per_service] - No document for (service: OpenHAB)! https://edit.tosdr.org/services/3395/annotate
2022-11-21 04:59:18,723 - [scrape_documents_per_service] - No document for (service: Qualified.com)! https://edit.tosdr.org/services/3194/annotate
2022-11-21 04:59:19,165 - [scrape_documents_per_service] - No document for (service: Shopify)! https://edit.tosdr.org/services/1511/annotate
2022-11-21 04:59:19,420 - [scrape_documents_per_service] - No document for (service: USL)! https://edit.tosdr.org/services/3277/annotate
2022-11-21 04:59:19,891 - [scrape_documents_per_service] - No document for (service: Sumo)! https://edit.tosdr.org/services/273/annotate
2022-11-21 04:59:20,254 - [scrape_documents_per_service] - No document for (service: tawk.to)! https://edit.tosdr.org/services/2706/annotate
2022-11-21 04:59:20,704 - [scrape_documents_per_service] - No document for (service: Streamlabs)! https://edit.tosdr.org/services/3216/annotate
2022-11-21 04:59:20,973 - [scrape_documents_per_service] - No document for (service: Texoma Council of Governments)! https://edit.tosdr.org/services/3162/annotate
2022-11-21 04:59:21,225 - [scrape_documents_per_service] - No document for (service: DrugBank)! https://edit.tosdr.org/services/2865/annotate
2022-11-21 04:59:21,469 - [scrape_documents_per_service] - No document for (service: ArchWiki)! https://edit.tosdr.org/services/2891/annotate
2022-11-21 04:59:21,752 - [scrape_documents_per_service] - No document for (service: Pocket)! https://edit.tosdr.org/services/384/annotate
2022-11-21 04:59:22,006 - [scrape_documents_per_service] - No document for (service: People For the Ethical Treatment of Animals)! https://edit.tosdr.org/services/2890/annotate
2022-11-21 04:59:22,278 - [scrape_documents_per_service] - No document for (service: AudiobookSTORE.com)! https://edit.tosdr.org/services/3197/annotate
2022-11-21 04:59:22,548 - [scrape_documents_per_service] - No document for (service: FairVote)! https://edit.tosdr.org/services/2972/annotate
2022-11-21 04:59:22,798 - [scrape_documents_per_service] - No document for (service: USSeek)! https://edit.tosdr.org/services/2870/annotate
2022-11-21 04:59:23,042 - [scrape_documents_per_service] - No document for (service: Rovio)! https://edit.tosdr.org/services/2893/annotate
2022-11-21 04:59:23,323 - [scrape_documents_per_service] - No document for (service: Movistar)! https://edit.tosdr.org/services/3522/annotate
2022-11-21 04:59:23,573 - [scrape_documents_per_service] - No document for (service: OpenTTD)! https://edit.tosdr.org/services/2889/annotate
2022-11-21 04:59:23,843 - [scrape_documents_per_service] - No document for (service: SpigotMC)! https://edit.tosdr.org/services/628/annotate
2022-11-21 04:59:24,118 - [scrape_documents_per_service] - No document for (service: Poshmark)! https://edit.tosdr.org/services/3290/annotate
2022-11-21 04:59:24,378 - [scrape_documents_per_service] - No document for (service: Skillshare)! https://edit.tosdr.org/services/2947/annotate
2022-11-21 04:59:24,624 - [scrape_documents_per_service] - No document for (service: Icedrive)! https://edit.tosdr.org/services/3118/annotate
2022-11-21 04:59:25,128 - [scrape_documents_per_service] - No document for (service: icepop)! https://edit.tosdr.org/services/708/annotate
2022-11-21 04:59:25,415 - [scrape_documents_per_service] - No document for (service: HideIPVPN)! https://edit.tosdr.org/services/2860/annotate
2022-11-21 04:59:25,698 - [scrape_documents_per_service] - No document for (service: CurseForge)! https://edit.tosdr.org/services/3223/annotate
2022-11-21 04:59:25,943 - [scrape_documents_per_service] - No document for (service: XING)! https://edit.tosdr.org/services/241/annotate
2022-11-21 04:59:26,190 - [scrape_documents_per_service] - No document for (service: Bloomberg L. P.)! https://edit.tosdr.org/services/2741/annotate
2022-11-21 04:59:26,466 - [scrape_documents_per_service] - No document for (service: SCP Wiki)! https://edit.tosdr.org/services/3209/annotate
2022-11-21 04:59:26,711 - [scrape_documents_per_service] - No document for (service: Affinity)! https://edit.tosdr.org/services/2907/annotate
2022-11-21 04:59:26,999 - [scrape_documents_per_service] - No document for (service: Oxfam)! https://edit.tosdr.org/services/2908/annotate
2022-11-21 04:59:27,264 - [scrape_documents_per_service] - No document for (service: Outfit7)! https://edit.tosdr.org/services/2868/annotate
2022-11-21 04:59:27,522 - [scrape_documents_per_service] - No document for (service: Brubank)! https://edit.tosdr.org/services/2874/annotate
2022-11-21 04:59:27,781 - [scrape_documents_per_service] - No document for (service: Darebee)! https://edit.tosdr.org/services/3086/annotate
2022-11-21 04:59:28,049 - [scrape_documents_per_service] - No document for (service: VPN.AC)! https://edit.tosdr.org/services/2866/annotate
2022-11-21 04:59:28,308 - [scrape_documents_per_service] - No document for (service: Follow My Health)! https://edit.tosdr.org/services/1731/annotate
2022-11-21 04:59:28,570 - [scrape_documents_per_service] - No document for (service: Wishlist)! https://edit.tosdr.org/services/823/annotate
2022-11-21 04:59:28,839 - [scrape_documents_per_service] - No document for (service: Innersloth (Among Us))! https://edit.tosdr.org/services/3315/annotate
2022-11-21 04:59:29,097 - [scrape_documents_per_service] - No document for (service: GOV.UK)! https://edit.tosdr.org/services/849/annotate
2022-11-21 04:59:29,353 - [scrape_documents_per_service] - No document for (service: Binance)! https://edit.tosdr.org/services/2867/annotate
2022-11-21 04:59:29,622 - [scrape_documents_per_service] - No document for (service: Walmart)! https://edit.tosdr.org/services/445/annotate
2022-11-21 04:59:29,878 - [scrape_documents_per_service] - No document for (service: Replika)! https://edit.tosdr.org/services/2909/annotate
2022-11-21 04:59:30,142 - [scrape_documents_per_service] - No document for (service: Vultr)! https://edit.tosdr.org/services/2940/annotate
2022-11-21 04:59:30,401 - [scrape_documents_per_service] - No document for (service: Inoreader)! https://edit.tosdr.org/services/3199/annotate
2022-11-21 04:59:30,669 - [scrape_documents_per_service] - No document for (service: Watson)! https://edit.tosdr.org/services/3092/annotate
2022-11-21 04:59:30,921 - [scrape_documents_per_service] - No document for (service: couchblog)! https://edit.tosdr.org/services/2179/annotate
2022-11-21 04:59:31,193 - [scrape_documents_per_service] - No document for (service: Buffalo 7)! https://edit.tosdr.org/services/3077/annotate
2022-11-21 04:59:31,451 - [scrape_documents_per_service] - No document for (service: SmartThings)! https://edit.tosdr.org/services/3428/annotate
2022-11-21 04:59:31,717 - [scrape_documents_per_service] - No document for (service: Pronatura Switzerland)! https://edit.tosdr.org/services/3212/annotate
2022-11-21 04:59:32,001 - [scrape_documents_per_service] - No document for (service: Free Software Foundation)! https://edit.tosdr.org/services/2911/annotate
2022-11-21 04:59:32,477 - [scrape_documents_per_service] - No document for (service: PDF24.org)! https://edit.tosdr.org/services/3401/annotate
2022-11-21 04:59:32,764 - [scrape_documents_per_service] - No document for (service: McAfee)! https://edit.tosdr.org/services/2912/annotate
2022-11-21 04:59:33,016 - [scrape_documents_per_service] - No document for (service: Myspace)! https://edit.tosdr.org/services/211/annotate
2022-11-21 04:59:33,291 - [scrape_documents_per_service] - No document for (service: Playasia)! https://edit.tosdr.org/services/2971/annotate
2022-11-21 04:59:33,561 - [scrape_documents_per_service] - No document for (service: search.ch)! https://edit.tosdr.org/services/3123/annotate
2022-11-21 04:59:33,823 - [scrape_documents_per_service] - No document for (service: YouPorn)! https://edit.tosdr.org/services/3285/annotate
2022-11-21 04:59:34,103 - [scrape_documents_per_service] - No document for (service: CryptoKitties)! https://edit.tosdr.org/services/2880/annotate
2022-11-21 04:59:34,572 - [scrape_documents_per_service] - No document for (service: ShortcutWorld.com)! https://edit.tosdr.org/services/1522/annotate
2022-11-21 04:59:34,866 - [scrape_documents_per_service] - No document for (service: Yr.no)! https://edit.tosdr.org/services/1383/annotate
2022-11-21 04:59:35,149 - [scrape_documents_per_service] - No document for (service: OpenWeatherMap)! https://edit.tosdr.org/services/1386/annotate
2022-11-21 04:59:35,621 - [scrape_documents_per_service] - No document for (service: eBay)! https://edit.tosdr.org/services/226/annotate
2022-11-21 04:59:35,914 - [scrape_documents_per_service] - No document for (service: Our World In Data)! https://edit.tosdr.org/services/2881/annotate
2022-11-21 04:59:36,182 - [scrape_documents_per_service] - No document for (service: Chapril)! https://edit.tosdr.org/services/3405/annotate
2022-11-21 04:59:36,438 - [scrape_documents_per_service] - No document for (service: Duolingo)! https://edit.tosdr.org/services/744/annotate
2022-11-21 04:59:36,718 - [scrape_documents_per_service] - No document for (service: Nslookup)! https://edit.tosdr.org/services/2913/annotate
2022-11-21 04:59:36,970 - [scrape_documents_per_service] - No document for (service: Omegle)! https://edit.tosdr.org/services/3429/annotate
2022-11-21 04:59:37,227 - [scrape_documents_per_service] - No document for (service: Boursorama)! https://edit.tosdr.org/services/3328/annotate
2022-11-21 04:59:37,714 - [scrape_documents_per_service] - No document for (service: Stack Overflow)! https://edit.tosdr.org/services/312/annotate
2022-11-21 04:59:37,997 - [scrape_documents_per_service] - No document for (service: remove.bg)! https://edit.tosdr.org/services/1439/annotate
2022-11-21 04:59:38,269 - [scrape_documents_per_service] - No document for (service: Dark Reader)! https://edit.tosdr.org/services/3434/annotate
2022-11-21 04:59:38,523 - [scrape_documents_per_service] - No document for (service: mail.ch)! https://edit.tosdr.org/services/3225/annotate
2022-11-21 04:59:38,766 - [scrape_documents_per_service] - No document for (service: Anchor)! https://edit.tosdr.org/services/3095/annotate
2022-11-21 04:59:39,058 - [scrape_documents_per_service] - No document for (service: Yewtu.be)! https://edit.tosdr.org/services/2878/annotate
2022-11-21 04:59:39,306 - [scrape_documents_per_service] - No document for (service: GamingOnLinux)! https://edit.tosdr.org/services/3403/annotate
2022-11-21 04:59:39,578 - [scrape_documents_per_service] - No document for (service: CNED)! https://edit.tosdr.org/services/2941/annotate
2022-11-21 04:59:39,854 - [scrape_documents_per_service] - No document for (service: Wesfarmers)! https://edit.tosdr.org/services/2882/annotate
2022-11-21 04:59:40,101 - [scrape_documents_per_service] - No document for (service: Amnesty International Swizerland)! https://edit.tosdr.org/services/3097/annotate
2022-11-21 04:59:40,352 - [scrape_documents_per_service] - No document for (service: Magic Earth)! https://edit.tosdr.org/services/3436/annotate
2022-11-21 04:59:40,673 - [scrape_documents_per_service] - No document for (service: Newgrounds)! https://edit.tosdr.org/services/1524/annotate
2022-11-21 04:59:40,924 - [scrape_documents_per_service] - No document for (service: Ko-fi)! https://edit.tosdr.org/services/1702/annotate
2022-11-21 04:59:41,196 - [scrape_documents_per_service] - No document for (service: VIRTBIZ)! https://edit.tosdr.org/services/1378/annotate
2022-11-21 04:59:41,447 - [scrape_documents_per_service] - No document for (service: Delivery.com)! https://edit.tosdr.org/services/2916/annotate
2022-11-21 04:59:41,916 - [scrape_documents_per_service] - No document for (service: Newegg.com)! https://edit.tosdr.org/services/1173/annotate
2022-11-21 04:59:42,207 - [scrape_documents_per_service] - No document for (service: Virtual World Computing Cocoon MyData Rewards)! https://edit.tosdr.org/services/2039/annotate
2022-11-21 04:59:42,461 - [scrape_documents_per_service] - No document for (service: Plex)! https://edit.tosdr.org/services/1567/annotate
2022-11-21 04:59:42,720 - [scrape_documents_per_service] - No document for (service: StartMail)! https://edit.tosdr.org/services/2979/annotate
2022-11-21 04:59:42,993 - [scrape_documents_per_service] - No document for (service: CTemplar)! https://edit.tosdr.org/services/2978/annotate
2022-11-21 04:59:43,245 - [scrape_documents_per_service] - No document for (service: BBVA)! https://edit.tosdr.org/services/2458/annotate
2022-11-21 04:59:43,486 - [scrape_documents_per_service] - No document for (service: Cookie-Script.com)! https://edit.tosdr.org/services/3101/annotate
2022-11-21 04:59:43,769 - [scrape_documents_per_service] - No document for (service: Poker-Engine)! https://edit.tosdr.org/services/2203/annotate
2022-11-21 04:59:44,018 - [scrape_documents_per_service] - No document for (service: VKontakte)! https://edit.tosdr.org/services/264/annotate
2022-11-21 04:59:44,293 - [scrape_documents_per_service] - No document for (service: Colloq.io)! https://edit.tosdr.org/services/328/annotate
2022-11-21 04:59:44,580 - [scrape_documents_per_service] - No document for (service: blue-archive)! https://edit.tosdr.org/services/3231/annotate
2022-11-21 04:59:44,929 - [scrape_documents_per_service] - No document for (service: Urban Dictionary)! https://edit.tosdr.org/services/324/annotate
2022-11-21 04:59:45,348 - [scrape_documents_per_service] - No document for (service: APK Pure)! https://edit.tosdr.org/services/3362/annotate
2022-11-21 04:59:45,605 - [scrape_documents_per_service] - No document for (service: Etsy)! https://edit.tosdr.org/services/243/annotate
2022-11-21 04:59:45,875 - [scrape_documents_per_service] - No document for (service: Realestate.com.au)! https://edit.tosdr.org/services/3335/annotate
2022-11-21 04:59:46,164 - [scrape_documents_per_service] - No document for (service: Electronic Arts)! https://edit.tosdr.org/services/3131/annotate
2022-11-21 04:59:46,423 - [scrape_documents_per_service] - No document for (service: OVPN)! https://edit.tosdr.org/services/2981/annotate
2022-11-21 04:59:46,683 - [scrape_documents_per_service] - No document for (service: Flipboard)! https://edit.tosdr.org/services/3534/annotate
2022-11-21 04:59:47,052 - [scrape_documents_per_service] - No document for (service: PlanetMinecraft)! https://edit.tosdr.org/services/2886/annotate
2022-11-21 04:59:47,450 - [scrape_documents_per_service] - No document for (service: Stanford University)! https://edit.tosdr.org/services/3176/annotate
2022-11-21 04:59:47,748 - [scrape_documents_per_service] - No document for (service: Arq Backup)! https://edit.tosdr.org/services/3100/annotate
2022-11-21 04:59:48,073 - [scrape_documents_per_service] - No document for (service: HideMyAss!)! https://edit.tosdr.org/services/1581/annotate
2022-11-21 04:59:48,495 - [scrape_documents_per_service] - No document for (service: matrix.org)! https://edit.tosdr.org/services/2455/annotate
2022-11-21 04:59:48,756 - [scrape_documents_per_service] - No document for (service: MOBY Group)! https://edit.tosdr.org/services/2983/annotate
2022-11-21 04:59:49,026 - [scrape_documents_per_service] - No document for (service: Discovery)! https://edit.tosdr.org/services/1741/annotate
2022-11-21 04:59:49,307 - [scrape_documents_per_service] - No document for (service: 12306)! https://edit.tosdr.org/services/3453/annotate
2022-11-21 04:59:49,561 - [scrape_documents_per_service] - No document for (service: Python Tutor)! https://edit.tosdr.org/services/2261/annotate
2022-11-21 04:59:49,812 - [scrape_documents_per_service] - No document for (service: Personal Capital)! https://edit.tosdr.org/services/2927/annotate
2022-11-21 04:59:50,206 - [scrape_documents_per_service] - No document for (service: ch.ch)! https://edit.tosdr.org/services/3106/annotate
2022-11-21 04:59:50,592 - [scrape_documents_per_service] - No document for (service: Pixelfed)! https://edit.tosdr.org/services/1746/annotate
2022-11-21 04:59:50,883 - [scrape_documents_per_service] - No document for (service: Indiegogo)! https://edit.tosdr.org/services/167/annotate
2022-11-21 04:59:51,309 - [scrape_documents_per_service] - No document for (service: Ocado)! https://edit.tosdr.org/services/2628/annotate
2022-11-21 04:59:51,840 - [scrape_documents_per_service] - No document for (service: Manjaro Linux)! https://edit.tosdr.org/services/2760/annotate
2022-11-21 04:59:52,201 - [scrape_documents_per_service] - No document for (service: Kickstarter)! https://edit.tosdr.org/services/362/annotate
2022-11-21 04:59:52,462 - [scrape_documents_per_service] - No document for (service: European Commission)! https://edit.tosdr.org/services/2964/annotate
2022-11-21 04:59:52,723 - [scrape_documents_per_service] - No document for (service: CoolMathGames)! https://edit.tosdr.org/services/3470/annotate
2022-11-21 04:59:53,084 - [scrape_documents_per_service] - No document for (service: El País)! https://edit.tosdr.org/services/2544/annotate
2022-11-21 04:59:53,353 - [scrape_documents_per_service] - No document for (service: LiveJournal)! https://edit.tosdr.org/services/261/annotate
2022-11-21 04:59:53,734 - [scrape_documents_per_service] - No document for (service: Beacon CRM)! https://edit.tosdr.org/services/2209/annotate
2022-11-21 04:59:54,023 - [scrape_documents_per_service] - No document for (service: DAVx⁵)! https://edit.tosdr.org/services/3475/annotate
2022-11-21 04:59:54,369 - [scrape_documents_per_service] - No document for (service: Pillowfort)! https://edit.tosdr.org/services/2213/annotate
2022-11-21 04:59:54,615 - [scrape_documents_per_service] - No document for (service: Bentley Motors)! https://edit.tosdr.org/services/3234/annotate
2022-11-21 04:59:55,020 - [scrape_documents_per_service] - No document for (service: Remix.Kwed.Org)! https://edit.tosdr.org/services/3414/annotate
2022-11-21 04:59:55,305 - [scrape_documents_per_service] - No document for (service: Auttaja)! https://edit.tosdr.org/services/2414/annotate
2022-11-21 04:59:55,590 - [scrape_documents_per_service] - No document for (service: Layers of London)! https://edit.tosdr.org/services/2411/annotate
2022-11-21 04:59:55,843 - [scrape_documents_per_service] - No document for (service: ControlC.com)! https://edit.tosdr.org/services/2417/annotate
2022-11-21 04:59:56,091 - [scrape_documents_per_service] - No document for (service: King James Bible App)! https://edit.tosdr.org/services/2421/annotate
2022-11-21 04:59:56,355 - [scrape_documents_per_service] - No document for (service: Wish)! https://edit.tosdr.org/services/2929/annotate
2022-11-21 04:59:56,630 - [scrape_documents_per_service] - No document for (service: IFTTT)! https://edit.tosdr.org/services/236/annotate
2022-11-21 04:59:56,890 - [scrape_documents_per_service] - No document for (service: StrawPoll)! https://edit.tosdr.org/services/3310/annotate
2022-11-21 04:59:57,157 - [scrape_documents_per_service] - No document for (service: New York Times)! https://edit.tosdr.org/services/727/annotate
2022-11-21 04:59:57,402 - [scrape_documents_per_service] - No document for (service: Later.com)! https://edit.tosdr.org/services/3184/annotate
2022-11-21 04:59:57,656 - [scrape_documents_per_service] - No document for (service: Spankbang)! https://edit.tosdr.org/services/3109/annotate
2022-11-21 04:59:57,937 - [scrape_documents_per_service] - No document for (service: Owl Mail)! https://edit.tosdr.org/services/3185/annotate
2022-11-21 04:59:58,191 - [scrape_documents_per_service] - No document for (service: Tampermonkey)! https://edit.tosdr.org/services/3456/annotate
2022-11-21 04:59:58,446 - [scrape_documents_per_service] - No document for (service: Forbes)! https://edit.tosdr.org/services/1577/annotate
2022-11-21 04:59:58,705 - [scrape_documents_per_service] - No document for (service: BudgetBakers)! https://edit.tosdr.org/services/3137/annotate
2022-11-21 04:59:58,964 - [scrape_documents_per_service] - No document for (service: SmartNews)! https://edit.tosdr.org/services/2506/annotate
2022-11-21 04:59:59,224 - [scrape_documents_per_service] - No document for (service: mail.com)! https://edit.tosdr.org/services/3539/annotate
2022-11-21 04:59:59,477 - [scrape_documents_per_service] - No document for (service: Textnow)! https://edit.tosdr.org/services/2990/annotate
2022-11-21 04:59:59,808 - [scrape_documents_per_service] - No document for (service: VIZIO)! https://edit.tosdr.org/services/3186/annotate
